{"/home/kuwood/projects/thinkful/mongo-shopping-list/server.js":{"path":"/home/kuwood/projects/thinkful/mongo-shopping-list/server.js","s":{"1":1,"2":1,"3":1,"4":1,"5":1,"6":1,"7":1,"8":1,"9":1,"10":1,"11":0,"12":1,"13":1,"14":1,"15":1,"16":1,"17":0,"18":0,"19":0,"20":1,"21":1,"22":6,"23":6,"24":0,"25":6,"26":1,"27":1,"28":1,"29":0,"30":1,"31":1,"32":2,"33":2,"34":1,"35":1,"36":1,"37":2,"38":2,"39":0,"40":2,"41":1,"42":0,"43":1,"44":1},"b":{"1":[0,1],"2":[1,0],"3":[1,0],"4":[0,1],"5":[0,0],"6":[0,6],"7":[0,1],"8":[1,1],"9":[0,2]},"f":{"1":1,"2":1,"3":1,"4":0,"5":6,"6":6,"7":1,"8":1,"9":2,"10":2,"11":2,"12":2,"13":0},"fnMap":{"1":{"name":"(anonymous_1)","line":12,"loc":{"start":{"line":12,"column":16},"end":{"line":12,"column":35}}},"2":{"name":"(anonymous_2)","line":13,"loc":{"start":{"line":13,"column":40},"end":{"line":13,"column":54}}},"3":{"name":"(anonymous_3)","line":18,"loc":{"start":{"line":18,"column":28},"end":{"line":18,"column":39}}},"4":{"name":"(anonymous_4)","line":28,"loc":{"start":{"line":28,"column":12},"end":{"line":28,"column":26}}},"5":{"name":"(anonymous_5)","line":37,"loc":{"start":{"line":37,"column":18},"end":{"line":37,"column":37}}},"6":{"name":"(anonymous_6)","line":38,"loc":{"start":{"line":38,"column":12},"end":{"line":38,"column":33}}},"7":{"name":"(anonymous_7)","line":48,"loc":{"start":{"line":48,"column":19},"end":{"line":48,"column":38}}},"8":{"name":"(anonymous_8)","line":51,"loc":{"start":{"line":51,"column":5},"end":{"line":51,"column":25}}},"9":{"name":"(anonymous_9)","line":61,"loc":{"start":{"line":61,"column":25},"end":{"line":61,"column":44}}},"10":{"name":"(anonymous_10)","line":64,"loc":{"start":{"line":64,"column":5},"end":{"line":64,"column":25}}},"11":{"name":"(anonymous_11)","line":74,"loc":{"start":{"line":74,"column":22},"end":{"line":74,"column":41}}},"12":{"name":"(anonymous_12)","line":79,"loc":{"start":{"line":79,"column":5},"end":{"line":79,"column":25}}},"13":{"name":"(anonymous_13)","line":89,"loc":{"start":{"line":89,"column":13},"end":{"line":89,"column":32}}}},"statementMap":{"1":{"start":{"line":1,"column":0},"end":{"line":1,"column":33}},"2":{"start":{"line":2,"column":0},"end":{"line":2,"column":40}},"3":{"start":{"line":3,"column":0},"end":{"line":3,"column":35}},"4":{"start":{"line":5,"column":0},"end":{"line":5,"column":33}},"5":{"start":{"line":7,"column":0},"end":{"line":7,"column":20}},"6":{"start":{"line":9,"column":0},"end":{"line":9,"column":27}},"7":{"start":{"line":10,"column":0},"end":{"line":10,"column":34}},"8":{"start":{"line":12,"column":0},"end":{"line":25,"column":2}},"9":{"start":{"line":13,"column":2},"end":{"line":24,"column":5}},"10":{"start":{"line":14,"column":4},"end":{"line":16,"column":5}},"11":{"start":{"line":15,"column":6},"end":{"line":15,"column":27}},"12":{"start":{"line":18,"column":4},"end":{"line":23,"column":7}},"13":{"start":{"line":19,"column":6},"end":{"line":19,"column":59}},"14":{"start":{"line":20,"column":6},"end":{"line":22,"column":7}},"15":{"start":{"line":21,"column":8},"end":{"line":21,"column":19}},"16":{"start":{"line":27,"column":0},"end":{"line":33,"column":1}},"17":{"start":{"line":28,"column":2},"end":{"line":32,"column":5}},"18":{"start":{"line":29,"column":4},"end":{"line":31,"column":5}},"19":{"start":{"line":30,"column":6},"end":{"line":30,"column":23}},"20":{"start":{"line":35,"column":0},"end":{"line":35,"column":36}},"21":{"start":{"line":37,"column":0},"end":{"line":46,"column":3}},"22":{"start":{"line":38,"column":2},"end":{"line":45,"column":5}},"23":{"start":{"line":39,"column":4},"end":{"line":43,"column":5}},"24":{"start":{"line":40,"column":6},"end":{"line":42,"column":9}},"25":{"start":{"line":44,"column":4},"end":{"line":44,"column":20}},"26":{"start":{"line":48,"column":0},"end":{"line":59,"column":3}},"27":{"start":{"line":49,"column":2},"end":{"line":58,"column":5}},"28":{"start":{"line":52,"column":4},"end":{"line":56,"column":5}},"29":{"start":{"line":53,"column":6},"end":{"line":55,"column":9}},"30":{"start":{"line":57,"column":4},"end":{"line":57,"column":31}},"31":{"start":{"line":61,"column":0},"end":{"line":72,"column":3}},"32":{"start":{"line":62,"column":2},"end":{"line":71,"column":5}},"33":{"start":{"line":65,"column":4},"end":{"line":69,"column":5}},"34":{"start":{"line":66,"column":6},"end":{"line":68,"column":9}},"35":{"start":{"line":70,"column":4},"end":{"line":70,"column":24}},"36":{"start":{"line":74,"column":0},"end":{"line":87,"column":3}},"37":{"start":{"line":75,"column":2},"end":{"line":86,"column":5}},"38":{"start":{"line":80,"column":4},"end":{"line":84,"column":5}},"39":{"start":{"line":81,"column":6},"end":{"line":83,"column":9}},"40":{"start":{"line":85,"column":4},"end":{"line":85,"column":35}},"41":{"start":{"line":89,"column":0},"end":{"line":93,"column":3}},"42":{"start":{"line":90,"column":2},"end":{"line":92,"column":5}},"43":{"start":{"line":95,"column":0},"end":{"line":95,"column":18}},"44":{"start":{"line":96,"column":0},"end":{"line":96,"column":30}}},"branchMap":{"1":{"line":14,"type":"if","locations":[{"start":{"line":14,"column":4},"end":{"line":14,"column":4}},{"start":{"line":14,"column":4},"end":{"line":14,"column":4}}]},"2":{"line":14,"type":"binary-expr","locations":[{"start":{"line":14,"column":8},"end":{"line":14,"column":11}},{"start":{"line":14,"column":15},"end":{"line":14,"column":23}}]},"3":{"line":20,"type":"if","locations":[{"start":{"line":20,"column":6},"end":{"line":20,"column":6}},{"start":{"line":20,"column":6},"end":{"line":20,"column":6}}]},"4":{"line":27,"type":"if","locations":[{"start":{"line":27,"column":0},"end":{"line":27,"column":0}},{"start":{"line":27,"column":0},"end":{"line":27,"column":0}}]},"5":{"line":29,"type":"if","locations":[{"start":{"line":29,"column":4},"end":{"line":29,"column":4}},{"start":{"line":29,"column":4},"end":{"line":29,"column":4}}]},"6":{"line":39,"type":"if","locations":[{"start":{"line":39,"column":4},"end":{"line":39,"column":4}},{"start":{"line":39,"column":4},"end":{"line":39,"column":4}}]},"7":{"line":52,"type":"if","locations":[{"start":{"line":52,"column":4},"end":{"line":52,"column":4}},{"start":{"line":52,"column":4},"end":{"line":52,"column":4}}]},"8":{"line":65,"type":"if","locations":[{"start":{"line":65,"column":4},"end":{"line":65,"column":4}},{"start":{"line":65,"column":4},"end":{"line":65,"column":4}}]},"9":{"line":80,"type":"if","locations":[{"start":{"line":80,"column":4},"end":{"line":80,"column":4}},{"start":{"line":80,"column":4},"end":{"line":80,"column":4}}]}}},"/home/kuwood/projects/thinkful/mongo-shopping-list/config.js":{"path":"/home/kuwood/projects/thinkful/mongo-shopping-list/config.js","s":{"1":1,"2":1},"b":{"1":[1,1,0],"2":[0,0],"3":[1,1]},"f":{},"fnMap":{},"statementMap":{"1":{"start":{"line":1,"column":0},"end":{"line":5,"column":69}},"2":{"start":{"line":6,"column":0},"end":{"line":6,"column":40}}},"branchMap":{"1":{"line":1,"type":"binary-expr","locations":[{"start":{"line":1,"column":23},"end":{"line":1,"column":47}},{"start":{"line":2,"column":23},"end":{"line":2,"column":42}},{"start":{"line":3,"column":24},"end":{"line":5,"column":67}}]},"2":{"line":3,"type":"cond-expr","locations":[{"start":{"line":4,"column":28},"end":{"line":4,"column":63}},{"start":{"line":5,"column":28},"end":{"line":5,"column":67}}]},"3":{"line":6,"type":"binary-expr","locations":[{"start":{"line":6,"column":15},"end":{"line":6,"column":31}},{"start":{"line":6,"column":35},"end":{"line":6,"column":39}}]}}},"/home/kuwood/projects/thinkful/mongo-shopping-list/models/item.js":{"path":"/home/kuwood/projects/thinkful/mongo-shopping-list/models/item.js","s":{"1":1,"2":1,"3":1,"4":1},"b":{},"f":{},"fnMap":{},"statementMap":{"1":{"start":{"line":1,"column":0},"end":{"line":1,"column":35}},"2":{"start":{"line":3,"column":0},"end":{"line":5,"column":3}},"3":{"start":{"line":7,"column":0},"end":{"line":7,"column":46}},"4":{"start":{"line":9,"column":0},"end":{"line":9,"column":22}}},"branchMap":{}}}