TN:
SF:/home/kuwood/projects/thinkful/mongo-shopping-list/server.js
FN:12,(anonymous_1)
FN:13,(anonymous_2)
FN:18,(anonymous_3)
FN:28,(anonymous_4)
FN:37,(anonymous_5)
FN:38,(anonymous_6)
FN:48,(anonymous_7)
FN:51,(anonymous_8)
FN:61,(anonymous_9)
FN:64,(anonymous_10)
FN:74,(anonymous_11)
FN:79,(anonymous_12)
FN:89,(anonymous_13)
FNF:13
FNH:11
FNDA:1,(anonymous_1)
FNDA:1,(anonymous_2)
FNDA:1,(anonymous_3)
FNDA:0,(anonymous_4)
FNDA:6,(anonymous_5)
FNDA:6,(anonymous_6)
FNDA:1,(anonymous_7)
FNDA:1,(anonymous_8)
FNDA:2,(anonymous_9)
FNDA:2,(anonymous_10)
FNDA:2,(anonymous_11)
FNDA:2,(anonymous_12)
FNDA:0,(anonymous_13)
DA:1,1
DA:2,1
DA:3,1
DA:5,1
DA:7,1
DA:9,1
DA:10,1
DA:12,1
DA:13,1
DA:14,1
DA:15,0
DA:18,1
DA:19,1
DA:20,1
DA:21,1
DA:27,1
DA:28,0
DA:29,0
DA:30,0
DA:35,1
DA:37,1
DA:38,6
DA:39,6
DA:40,0
DA:44,6
DA:48,1
DA:49,1
DA:52,1
DA:53,0
DA:57,1
DA:61,1
DA:62,2
DA:65,2
DA:66,1
DA:70,1
DA:74,1
DA:75,2
DA:80,2
DA:81,0
DA:85,2
DA:89,1
DA:90,0
DA:95,1
DA:96,1
LF:44
LH:36
BRDA:14,1,0,0
BRDA:14,1,1,1
BRDA:14,2,0,1
BRDA:14,2,1,0
BRDA:20,3,0,1
BRDA:20,3,1,0
BRDA:27,4,0,0
BRDA:27,4,1,1
BRDA:29,5,0,0
BRDA:29,5,1,0
BRDA:39,6,0,0
BRDA:39,6,1,6
BRDA:52,7,0,0
BRDA:52,7,1,1
BRDA:65,8,0,1
BRDA:65,8,1,1
BRDA:80,9,0,0
BRDA:80,9,1,2
BRF:18
BRH:9
end_of_record
TN:
SF:/home/kuwood/projects/thinkful/mongo-shopping-list/config.js
FNF:0
FNH:0
DA:1,1
DA:6,1
LF:2
LH:2
BRDA:1,1,0,1
BRDA:1,1,1,1
BRDA:1,1,2,0
BRDA:3,2,0,0
BRDA:3,2,1,0
BRDA:6,3,0,1
BRDA:6,3,1,1
BRF:7
BRH:4
end_of_record
TN:
SF:/home/kuwood/projects/thinkful/mongo-shopping-list/models/item.js
FNF:0
FNH:0
DA:1,1
DA:3,1
DA:7,1
DA:9,1
LF:4
LH:4
BRF:0
BRH:0
end_of_record
